# JRE version: 7.0_25-b15
# Java VM: Java HotSpot(TM) 64-Bit Server VM (23.25-b01 mixed mode linux-amd64 compressed oops)
Heap
 PSYoungGen      total 287488K, used 245908K [0x00000000eaab0000, 0x0000000100000000, 0x0000000100000000)
  eden space 252992K, 83% used [0x00000000eaab0000,0x00000000f792a378,0x00000000fa1c0000)
  from space 34496K, 99% used [0x00000000fa1c0000,0x00000000fc36af98,0x00000000fc370000)
  to   space 52544K, 0% used [0x00000000fccb0000,0x00000000fccb0000,0x0000000100000000)
 ParOldGen       total 174784K, used 43904K [0x00000000c0000000, 0x00000000caab0000, 0x00000000eaab0000)
  object space 174784K, 25% used [0x00000000c0000000,0x00000000c2ae0140,0x00000000caab0000)
 PSPermGen       total 37184K, used 37034K [0x00000000b0000000, 0x00000000b2450000, 0x00000000c0000000)
  object space 37184K, 99% used [0x00000000b0000000,0x00000000b242ab80,0x00000000b2450000)
GC Heap History (10 events):
Event: 6.642 GC heap before
{Heap before GC invocations=3 (full 0):
 PSYoungGen      total 76480K, used 70533K [0x00000000eaab0000, 0x00000000f4010000, 0x0000000100000000)
  eden space 65600K, 100% used [0x00000000eaab0000,0x00000000eeac0000,0x00000000eeac0000)
  from space 10880K, 45% used [0x00000000ef560000,0x00000000efa31738,0x00000000f0000000)
  to   space 10880K, 0% used [0x00000000eeac0000,0x00000000eeac0000,0x00000000ef560000)
 ParOldGen       total 174784K, used 0K [0x00000000c0000000, 0x00000000caab0000, 0x00000000eaab0000)
  object space 174784K, 0% used [0x00000000c0000000,0x00000000c0000000,0x00000000caab0000)
 PSPermGen       total 21248K, used 12230K [0x00000000b0000000, 0x00000000b14c0000, 0x00000000c0000000)
  object space 21248K, 57% used [0x00000000b0000000,0x00000000b0bf1940,0x00000000b14c0000)
Event: 6.658 GC heap after
Heap after GC invocations=3 (full 0):
 PSYoungGen      total 76480K, used 10872K [0x00000000eaab0000, 0x00000000f4010000, 0x0000000100000000)
  eden space 65600K, 0% used [0x00000000eaab0000,0x00000000eaab0000,0x00000000eeac0000)
  from space 10880K, 99% used [0x00000000eeac0000,0x00000000ef55e2b8,0x00000000ef560000)
  to   space 10880K, 0% used [0x00000000f3570000,0x00000000f3570000,0x00000000f4010000)
 ParOldGen       total 174784K, used 801K [0x00000000c0000000, 0x00000000caab0000, 0x00000000eaab0000)
  object space 174784K, 0% used [0x00000000c0000000,0x00000000c00c8738,0x00000000caab0000)
 PSPermGen       total 21248K, used 12230K [0x00000000b0000000, 0x00000000b14c0000, 0x00000000c0000000)
  object space 21248K, 57% used [0x00000000b0000000,0x00000000b0bf1940,0x00000000b14c0000)
}
Event: 7.210 GC heap before
{Heap before GC invocations=4 (full 0):
 PSYoungGen      total 76480K, used 76472K [0x00000000eaab0000, 0x00000000f4010000, 0x0000000100000000)
  eden space 65600K, 100% used [0x00000000eaab0000,0x00000000eeac0000,0x00000000eeac0000)
  from space 10880K, 99% used [0x00000000eeac0000,0x00000000ef55e2b8,0x00000000ef560000)
  to   space 10880K, 0% used [0x00000000f3570000,0x00000000f3570000,0x00000000f4010000)
 ParOldGen       total 174784K, used 801K [0x00000000c0000000, 0x00000000caab0000, 0x00000000eaab0000)
  object space 174784K, 0% used [0x00000000c0000000,0x00000000c00c8738,0x00000000caab0000)
 PSPermGen       total 21248K, used 12274K [0x00000000b0000000, 0x00000000b14c0000, 0x00000000c0000000)
  object space 21248K, 57% used [0x00000000b0000000,0x00000000b0bfca78,0x00000000b14c0000)
Event: 7.237 GC heap after
Heap after GC invocations=4 (full 0):
 PSYoungGen      total 142080K, used 10878K [0x00000000eaab0000, 0x00000000f4010000, 0x0000000100000000)
  eden space 131200K, 0% used [0x00000000eaab0000,0x00000000eaab0000,0x00000000f2ad0000)
  from space 10880K, 99% used [0x00000000f3570000,0x00000000f400fae0,0x00000000f4010000)
  to   space 10880K, 0% used [0x00000000f2ad0000,0x00000000f2ad0000,0x00000000f3570000)
 ParOldGen       total 174784K, used 5983K [0x00000000c0000000, 0x00000000caab0000, 0x00000000eaab0000)
  object space 174784K, 3% used [0x00000000c0000000,0x00000000c05d7c00,0x00000000caab0000)
 PSPermGen       total 21248K, used 12274K [0x00000000b0000000, 0x00000000b14c0000, 0x00000000c0000000)
  object space 21248K, 57% used [0x00000000b0000000,0x00000000b0bfca78,0x00000000b14c0000)
}
Event: 10.777 GC heap before
{Heap before GC invocations=5 (full 0):
 PSYoungGen      total 142080K, used 142078K [0x00000000eaab0000, 0x00000000f4010000, 0x0000000100000000)
  eden space 131200K, 100% used [0x00000000eaab0000,0x00000000f2ad0000,0x00000000f2ad0000)
  from space 10880K, 99% used [0x00000000f3570000,0x00000000f400fae0,0x00000000f4010000)
  to   space 10880K, 0% used [0x00000000f2ad0000,0x00000000f2ad0000,0x00000000f3570000)
 ParOldGen       total 174784K, used 5983K [0x00000000c0000000, 0x00000000caab0000, 0x00000000eaab0000)
  object space 174784K, 3% used [0x00000000c0000000,0x00000000c05d7c00,0x00000000caab0000)
 PSPermGen       total 21248K, used 12380K [0x00000000b0000000, 0x00000000b14c0000, 0x00000000c0000000)
  object space 21248K, 58% used [0x00000000b0000000,0x00000000b0c17110,0x00000000b14c0000)
Event: 10.837 GC heap after
Heap after GC invocations=5 (full 0):
 PSYoungGen      total 142080K, used 10872K [0x00000000eaab0000, 0x00000000fdbf0000, 0x0000000100000000)
  eden space 131200K, 0% used [0x00000000eaab0000,0x00000000eaab0000,0x00000000f2ad0000)
  from space 10880K, 99% used [0x00000000f2ad0000,0x00000000f356e3e0,0x00000000f3570000)
  to   space 25088K, 0% used [0x00000000fc370000,0x00000000fc370000,0x00000000fdbf0000)
 ParOldGen       total 174784K, used 15647K [0x00000000c0000000, 0x00000000caab0000, 0x00000000eaab0000)
  object space 174784K, 8% used [0x00000000c0000000,0x00000000c0f47e38,0x00000000caab0000)
 PSPermGen       total 21248K, used 12380K [0x00000000b0000000, 0x00000000b14c0000, 0x00000000c0000000)
  object space 21248K, 58% used [0x00000000b0000000,0x00000000b0c17110,0x00000000b14c0000)
}
Event: 17.800 GC heap before
{Heap before GC invocations=6 (full 0):
 PSYoungGen      total 142080K, used 142072K [0x00000000eaab0000, 0x00000000fdbf0000, 0x0000000100000000)
  eden space 131200K, 100% used [0x00000000eaab0000,0x00000000f2ad0000,0x00000000f2ad0000)
  from space 10880K, 99% used [0x00000000f2ad0000,0x00000000f356e3e0,0x00000000f3570000)
  to   space 25088K, 0% used [0x00000000fc370000,0x00000000fc370000,0x00000000fdbf0000)
 ParOldGen       total 174784K, used 15647K [0x00000000c0000000, 0x00000000caab0000, 0x00000000eaab0000)
  object space 174784K, 8% used [0x00000000c0000000,0x00000000c0f47e38,0x00000000caab0000)
 PSPermGen       total 32576K, used 32471K [0x00000000b0000000, 0x00000000b1fd0000, 0x00000000c0000000)
  object space 32576K, 99% used [0x00000000b0000000,0x00000000b1fb5d20,0x00000000b1fd0000)
Event: 17.851 GC heap after
Heap after GC invocations=6 (full 0):
 PSYoungGen      total 278080K, used 25080K [0x00000000eaab0000, 0x00000000fee50000, 0x0000000100000000)
  eden space 252992K, 0% used [0x00000000eaab0000,0x00000000eaab0000,0x00000000fa1c0000)
  from space 25088K, 99% used [0x00000000fc370000,0x00000000fdbee0c8,0x00000000fdbf0000)
  to   space 34496K, 0% used [0x00000000fa1c0000,0x00000000fa1c0000,0x00000000fc370000)
 ParOldGen       total 174784K, used 22337K [0x00000000c0000000, 0x00000000caab0000, 0x00000000eaab0000)
  object space 174784K, 12% used [0x00000000c0000000,0x00000000c15d04e0,0x00000000caab0000)
 PSPermGen       total 32576K, used 32471K [0x00000000b0000000, 0x00000000b1fd0000, 0x00000000c0000000)
  object space 32576K, 99% used [0x00000000b0000000,0x00000000b1fb5d20,0x00000000b1fd0000)
}
Event: 20.190 GC heap before
{Heap before GC invocations=7 (full 0):
 PSYoungGen      total 278080K, used 278072K [0x00000000eaab0000, 0x00000000fee50000, 0x0000000100000000)
  eden space 252992K, 100% used [0x00000000eaab0000,0x00000000fa1c0000,0x00000000fa1c0000)
  from space 25088K, 99% used [0x00000000fc370000,0x00000000fdbee0c8,0x00000000fdbf0000)
  to   space 34496K, 0% used [0x00000000fa1c0000,0x00000000fa1c0000,0x00000000fc370000)
 ParOldGen       total 174784K, used 22337K [0x00000000c0000000, 0x00000000caab0000, 0x00000000eaab0000)
  object space 174784K, 12% used [0x00000000c0000000,0x00000000c15d04e0,0x00000000caab0000)
 PSPermGen       total 37184K, used 36993K [0x00000000b0000000, 0x00000000b2450000, 0x00000000c0000000)
  object space 37184K, 99% used [0x00000000b0000000,0x00000000b2420518,0x00000000b2450000)
Event: 20.266 GC heap after
Heap after GC invocations=7 (full 0):
 PSYoungGen      total 287488K, used 34475K [0x00000000eaab0000, 0x0000000100000000, 0x0000000100000000)
  eden space 252992K, 0% used [0x00000000eaab0000,0x00000000eaab0000,0x00000000fa1c0000)
  from space 34496K, 99% used [0x00000000fa1c0000,0x00000000fc36af98,0x00000000fc370000)
  to   space 52544K, 0% used [0x00000000fccb0000,0x00000000fccb0000,0x0000000100000000)
 ParOldGen       total 174784K, used 43904K [0x00000000c0000000, 0x00000000caab0000, 0x00000000eaab0000)
  object space 174784K, 25% used [0x00000000c0000000,0x00000000c2ae0140,0x00000000caab0000)
 PSPermGen       total 37184K, used 36993K [0x00000000b0000000, 0x00000000b2450000, 0x00000000c0000000)
  object space 37184K, 99% used [0x00000000b0000000,0x00000000b2420518,0x00000000b2450000)
}

