# JRE version: 7.0_25-b15
# Java VM: Java HotSpot(TM) 64-Bit Server VM (23.25-b01 mixed mode linux-amd64 compressed oops)
Heap
 PSYoungGen      total 285056K, used 258648K [0x00000000eaab0000, 0x00000000ffa70000, 0x0000000100000000)
  eden space 253376K, 89% used [0x00000000eaab0000,0x00000000f8857828,0x00000000fa220000)
  from space 31680K, 99% used [0x00000000fc9e0000,0x00000000fe8ce8b8,0x00000000fe8d0000)
  to   space 40704K, 0% used [0x00000000fa220000,0x00000000fa220000,0x00000000fc9e0000)
 ParOldGen       total 174784K, used 29722K [0x00000000c0000000, 0x00000000caab0000, 0x00000000eaab0000)
  object space 174784K, 17% used [0x00000000c0000000,0x00000000c1d069a0,0x00000000caab0000)
 PSPermGen       total 37184K, used 36992K [0x00000000b0000000, 0x00000000b2450000, 0x00000000c0000000)
  object space 37184K, 99% used [0x00000000b0000000,0x00000000b2420148,0x00000000b2450000)
GC Heap History (10 events):
Event: 4.493 GC heap before
{Heap before GC invocations=4 (full 0):
 PSYoungGen      total 76480K, used 76454K [0x00000000eaab0000, 0x00000000f0000000, 0x0000000100000000)
  eden space 65600K, 100% used [0x00000000eaab0000,0x00000000eeac0000,0x00000000eeac0000)
  from space 10880K, 99% used [0x00000000eeac0000,0x00000000ef559a30,0x00000000ef560000)
  to   space 10880K, 0% used [0x00000000ef560000,0x00000000ef560000,0x00000000f0000000)
 ParOldGen       total 174784K, used 758K [0x00000000c0000000, 0x00000000caab0000, 0x00000000eaab0000)
  object space 174784K, 0% used [0x00000000c0000000,0x00000000c00bd910,0x00000000caab0000)
 PSPermGen       total 21248K, used 12274K [0x00000000b0000000, 0x00000000b14c0000, 0x00000000c0000000)
  object space 21248K, 57% used [0x00000000b0000000,0x00000000b0bfcab8,0x00000000b14c0000)
Event: 4.514 GC heap after
Heap after GC invocations=4 (full 0):
 PSYoungGen      total 76480K, used 10878K [0x00000000eaab0000, 0x00000000f4010000, 0x0000000100000000)
  eden space 65600K, 0% used [0x00000000eaab0000,0x00000000eaab0000,0x00000000eeac0000)
  from space 10880K, 99% used [0x00000000ef560000,0x00000000effffae0,0x00000000f0000000)
  to   space 10880K, 0% used [0x00000000eeac0000,0x00000000eeac0000,0x00000000ef560000)
 ParOldGen       total 174784K, used 5889K [0x00000000c0000000, 0x00000000caab0000, 0x00000000eaab0000)
  object space 174784K, 3% used [0x00000000c0000000,0x00000000c05c0428,0x00000000caab0000)
 PSPermGen       total 21248K, used 12274K [0x00000000b0000000, 0x00000000b14c0000, 0x00000000c0000000)
  object space 21248K, 57% used [0x00000000b0000000,0x00000000b0bfcab8,0x00000000b14c0000)
}
Event: 5.084 GC heap before
{Heap before GC invocations=5 (full 0):
 PSYoungGen      total 76480K, used 76478K [0x00000000eaab0000, 0x00000000f4010000, 0x0000000100000000)
  eden space 65600K, 100% used [0x00000000eaab0000,0x00000000eeac0000,0x00000000eeac0000)
  from space 10880K, 99% used [0x00000000ef560000,0x00000000effffae0,0x00000000f0000000)
  to   space 10880K, 0% used [0x00000000eeac0000,0x00000000eeac0000,0x00000000ef560000)
 ParOldGen       total 174784K, used 5889K [0x00000000c0000000, 0x00000000caab0000, 0x00000000eaab0000)
  object space 174784K, 3% used [0x00000000c0000000,0x00000000c05c0428,0x00000000caab0000)
 PSPermGen       total 21248K, used 12360K [0x00000000b0000000, 0x00000000b14c0000, 0x00000000c0000000)
  object space 21248K, 58% used [0x00000000b0000000,0x00000000b0c12358,0x00000000b14c0000)
Event: 5.124 GC heap after
Heap after GC invocations=5 (full 0):
 PSYoungGen      total 76480K, used 10850K [0x00000000eaab0000, 0x00000000f58b0000, 0x0000000100000000)
  eden space 65600K, 0% used [0x00000000eaab0000,0x00000000eaab0000,0x00000000eeac0000)
  from space 10880K, 99% used [0x00000000eeac0000,0x00000000ef558998,0x00000000ef560000)
  to   space 23488K, 0% used [0x00000000f41c0000,0x00000000f41c0000,0x00000000f58b0000)
 ParOldGen       total 174784K, used 13280K [0x00000000c0000000, 0x00000000caab0000, 0x00000000eaab0000)
  object space 174784K, 7% used [0x00000000c0000000,0x00000000c0cf81b8,0x00000000caab0000)
 PSPermGen       total 21248K, used 12360K [0x00000000b0000000, 0x00000000b14c0000, 0x00000000c0000000)
  object space 21248K, 58% used [0x00000000b0000000,0x00000000b0c12358,0x00000000b14c0000)
}
Event: 6.632 GC heap before
{Heap before GC invocations=6 (full 0):
 PSYoungGen      total 76480K, used 76450K [0x00000000eaab0000, 0x00000000f58b0000, 0x0000000100000000)
  eden space 65600K, 100% used [0x00000000eaab0000,0x00000000eeac0000,0x00000000eeac0000)
  from space 10880K, 99% used [0x00000000eeac0000,0x00000000ef558998,0x00000000ef560000)
  to   space 23488K, 0% used [0x00000000f41c0000,0x00000000f41c0000,0x00000000f58b0000)
 ParOldGen       total 174784K, used 13280K [0x00000000c0000000, 0x00000000caab0000, 0x00000000eaab0000)
  object space 174784K, 7% used [0x00000000c0000000,0x00000000c0cf81b8,0x00000000caab0000)
 PSPermGen       total 21248K, used 12379K [0x00000000b0000000, 0x00000000b14c0000, 0x00000000c0000000)
  object space 21248K, 58% used [0x00000000b0000000,0x00000000b0c16f38,0x00000000b14c0000)
Event: 6.653 GC heap after
Heap after GC invocations=6 (full 0):
 PSYoungGen      total 153792K, used 13477K [0x00000000eaab0000, 0x00000000f57d0000, 0x0000000100000000)
  eden space 131200K, 0% used [0x00000000eaab0000,0x00000000eaab0000,0x00000000f2ad0000)
  from space 22592K, 59% used [0x00000000f41c0000,0x00000000f4ee96b0,0x00000000f57d0000)
  to   space 23040K, 0% used [0x00000000f2ad0000,0x00000000f2ad0000,0x00000000f4150000)
 ParOldGen       total 174784K, used 13280K [0x00000000c0000000, 0x00000000caab0000, 0x00000000eaab0000)
  object space 174784K, 7% used [0x00000000c0000000,0x00000000c0cf81b8,0x00000000caab0000)
 PSPermGen       total 21248K, used 12379K [0x00000000b0000000, 0x00000000b14c0000, 0x00000000c0000000)
  object space 21248K, 58% used [0x00000000b0000000,0x00000000b0c16f38,0x00000000b14c0000)
}
Event: 11.295 GC heap before
{Heap before GC invocations=7 (full 0):
 PSYoungGen      total 153792K, used 144677K [0x00000000eaab0000, 0x00000000f57d0000, 0x0000000100000000)
  eden space 131200K, 100% used [0x00000000eaab0000,0x00000000f2ad0000,0x00000000f2ad0000)
  from space 22592K, 59% used [0x00000000f41c0000,0x00000000f4ee96b0,0x00000000f57d0000)
  to   space 23040K, 0% used [0x00000000f2ad0000,0x00000000f2ad0000,0x00000000f4150000)
 ParOldGen       total 174784K, used 13280K [0x00000000c0000000, 0x00000000caab0000, 0x00000000eaab0000)
  object space 174784K, 7% used [0x00000000c0000000,0x00000000c0cf81b8,0x00000000caab0000)
 PSPermGen       total 32576K, used 32477K [0x00000000b0000000, 0x00000000b1fd0000, 0x00000000c0000000)
  object space 32576K, 99% used [0x00000000b0000000,0x00000000b1fb7458,0x00000000b1fd0000)
Event: 11.343 GC heap after
Heap after GC invocations=7 (full 0):
 PSYoungGen      total 154240K, used 23021K [0x00000000eaab0000, 0x00000000fe8d0000, 0x0000000100000000)
  eden space 131200K, 0% used [0x00000000eaab0000,0x00000000eaab0000,0x00000000f2ad0000)
  from space 23040K, 99% used [0x00000000f2ad0000,0x00000000f414b4c0,0x00000000f4150000)
  to   space 31680K, 0% used [0x00000000fc9e0000,0x00000000fc9e0000,0x00000000fe8d0000)
 ParOldGen       total 174784K, used 21915K [0x00000000c0000000, 0x00000000caab0000, 0x00000000eaab0000)
  object space 174784K, 12% used [0x00000000c0000000,0x00000000c1566fe0,0x00000000caab0000)
 PSPermGen       total 32576K, used 32477K [0x00000000b0000000, 0x00000000b1fd0000, 0x00000000c0000000)
  object space 32576K, 99% used [0x00000000b0000000,0x00000000b1fb7458,0x00000000b1fd0000)
}
Event: 12.746 GC heap before
{Heap before GC invocations=8 (full 0):
 PSYoungGen      total 154240K, used 154221K [0x00000000eaab0000, 0x00000000fe8d0000, 0x0000000100000000)
  eden space 131200K, 100% used [0x00000000eaab0000,0x00000000f2ad0000,0x00000000f2ad0000)
  from space 23040K, 99% used [0x00000000f2ad0000,0x00000000f414b4c0,0x00000000f4150000)
  to   space 31680K, 0% used [0x00000000fc9e0000,0x00000000fc9e0000,0x00000000fe8d0000)
 ParOldGen       total 174784K, used 21915K [0x00000000c0000000, 0x00000000caab0000, 0x00000000eaab0000)
  object space 174784K, 12% used [0x00000000c0000000,0x00000000c1566fe0,0x00000000caab0000)
 PSPermGen       total 36800K, used 36623K [0x00000000b0000000, 0x00000000b23f0000, 0x00000000c0000000)
  object space 36800K, 99% used [0x00000000b0000000,0x00000000b23c3e48,0x00000000b23f0000)
Event: 12.802 GC heap after
Heap after GC invocations=8 (full 0):
 PSYoungGen      total 285056K, used 31674K [0x00000000eaab0000, 0x00000000ffa70000, 0x0000000100000000)
  eden space 253376K, 0% used [0x00000000eaab0000,0x00000000eaab0000,0x00000000fa220000)
  from space 31680K, 99% used [0x00000000fc9e0000,0x00000000fe8ce8b8,0x00000000fe8d0000)
  to   space 40704K, 0% used [0x00000000fa220000,0x00000000fa220000,0x00000000fc9e0000)
 ParOldGen       total 174784K, used 29722K [0x00000000c0000000, 0x00000000caab0000, 0x00000000eaab0000)
  object space 174784K, 17% used [0x00000000c0000000,0x00000000c1d069a0,0x00000000caab0000)
 PSPermGen       total 36800K, used 36623K [0x00000000b0000000, 0x00000000b23f0000, 0x00000000c0000000)
  object space 36800K, 99% used [0x00000000b0000000,0x00000000b23c3e48,0x00000000b23f0000)
}

